Total de Caracteristicas:  24
       Total de Muestras:  7264
 Total de Regiones Sanas:  6189
       Regiones No sanas:  1075
   ACC       SP        SN        PPV
 0.8932    0.9399    0.6246    0.6432    Nearest Neighbors
 0.8835    0.9860    0.2927    0.7849    Linear SVM
 0.8572    0.9956    0.0590    0.7027    RBF SVM
 0.8931    0.9509    0.5601    0.6662    Decision Tree
 0.8852    0.9846    0.3127    0.7796    Random Forest
 0.8951    0.9563    0.5421    0.6835    AdaBoost
 0.8635    0.9296    0.4825    0.5435    Naive Bayes
 0.8883    0.9745    0.3914    0.7273    LDA
 0.8930    0.9347    0.6522    0.6442    QDA
 
   AUC       Fm        GM        AGM
 0.7822    0.6333    0.7660    0.9398    Nearest Neighbors
 0.6393    0.4255    0.5366    0.9858    Linear SVM
 0.5273    0.1086    0.2416    0.9953    RBF SVM
 0.7555    0.6065    0.7289    0.9508    Decision Tree
 0.6487    0.4449    0.5539    0.9844    Random Forest
 0.7492    0.6041    0.7199    0.9562    AdaBoost
 0.7061    0.5105    0.6694    0.9295    Naive Bayes
 0.6830    0.5084    0.6173    0.9744    LDA
 0.7935    0.6412    0.7782    0.9347    QDA
Total de Caracteristicas:  24
       Total de Muestras:  7264
 Total de Regiones Sanas:  6189
       Regiones No sanas:  1075
   ACC       SP        SN        PPV
 0.8929    0.9389    0.6275    0.6405    Nearest Neighbors
 0.8839    0.9853    0.2984    0.7794    Linear SVM
 0.8573    0.9959    0.0577    0.7109    RBF SVM
 0.8916    0.9517    0.5444    0.6635    Decision Tree
 0.8850    0.9847    0.3098    0.7789    Random Forest
 0.8961    0.9566    0.5469    0.6864    AdaBoost
 0.8613    0.9280    0.4767    0.5343    Naive Bayes
 0.8878    0.9741    0.3897    0.7229    LDA
 0.8934    0.9379    0.6371    0.6477    QDA
 
   AUC       Fm        GM        AGM
 0.7832    0.6336    0.7675    0.9388    Nearest Neighbors
 0.6418    0.4308    0.5418    0.9851    Linear SVM
 0.5268    0.1064    0.2387    0.9956    RBF SVM
 0.7481    0.5953    0.7185    0.9516    Decision Tree
 0.6473    0.4421    0.5515    0.9845    Random Forest
 0.7518    0.6083    0.7231    0.9565    AdaBoost
 0.7024    0.5032    0.6646    0.9279    Naive Bayes
 0.6819    0.5060    0.6159    0.9739    LDA
 0.7875    0.6359    0.7704    0.9378    QDA
Total de Caracteristicas:  24
       Total de Muestras:  7264
 Total de Regiones Sanas:  6189
       Regiones No sanas:  1075
   ACC       SP        SN        PPV
 0.9124    0.9420    0.7423    0.6900    Nearest Neighbors
 0.9006    0.9680    0.5131    0.7368    Linear SVM
 0.8574    0.9968    0.0552    0.7542    RBF SVM
 0.9009    0.9423    0.6630    0.6684    Decision Tree
 0.8873    0.9809    0.3490    0.7617    Random Forest
 0.9080    0.9546    0.6404    0.7106    AdaBoost
 0.8788    0.9362    0.5482    0.5984    Naive Bayes
 0.8972    0.9586    0.5436    0.6956    LDA
 0.8979    0.9537    0.5766    0.6843    QDA
 
   AUC       Fm        GM        AGM
 0.8421    0.7148    0.8361    0.9419    Nearest Neighbors
 0.7405    0.6041    0.7045    0.9679    Linear SVM
 0.5260    0.1027    0.2337    0.9965    RBF SVM
 0.8027    0.6635    0.7896    0.9422    Decision Tree
 0.6650    0.4767    0.5838    0.9807    Random Forest
 0.7975    0.6733    0.7817    0.9545    AdaBoost
 0.7422    0.5715    0.7157    0.9361    Naive Bayes
 0.7511    0.6099    0.7217    0.9585    LDA
 0.7651    0.6251    0.7411    0.9536    QDA
Total de Caracteristicas:  24
       Total de Muestras:  7264
 Total de Regiones Sanas:  6189
       Regiones No sanas:  1075
   ACC       SP        SN        PPV
 0.9139    0.9429    0.7465    0.6938    Nearest Neighbors
 0.9005    0.9678    0.5123    0.7344    Linear SVM
 0.8575    0.9969    0.0529    0.7509    RBF SVM
 0.9009    0.9417    0.6662    0.6657    Decision Tree
 0.8874    0.9809    0.3483    0.7603    Random Forest
 0.9077    0.9550    0.6347    0.7095    AdaBoost
 0.8782    0.9364    0.5423    0.5959    Naive Bayes
 0.8973    0.9584    0.5447    0.6941    LDA
 0.8969    0.9536    0.5700    0.6802    QDA
 
   AUC       Fm        GM        AGM
 0.8447    0.7188    0.8388    0.9429    Nearest Neighbors
 0.7400    0.6027    0.7038    0.9677    Linear SVM
 0.5249    0.0987    0.2290    0.9966    RBF SVM
 0.8039    0.6641    0.7913    0.9416    Decision Tree
 0.6646    0.4759    0.5833    0.9807    Random Forest
 0.7948    0.6696    0.7784    0.9549    AdaBoost
 0.7394    0.5670    0.7118    0.9363    Naive Bayes
 0.7515    0.6100    0.7223    0.9583    LDA
 0.7618    0.6194    0.7367    0.9535    QDA
Total de Caracteristicas:  24
       Total de Muestras:  7264
 Total de Regiones Sanas:  6189
       Regiones No sanas:  1075
   ACC       SP        SN        PPV
 0.8930    0.9387    0.6286    0.6400    Nearest Neighbors
 0.8838    0.9853    0.2977    0.7787    Linear SVM
 0.8577    0.9960    0.0588    0.7203    RBF SVM
 0.8907    0.9525    0.5336    0.6621    Decision Tree
 0.8849    0.9846    0.3085    0.7776    Random Forest
 0.8952    0.9558    0.5455    0.6815    AdaBoost
 0.8621    0.9286    0.4774    0.5367    Naive Bayes
 0.8878    0.9740    0.3897    0.7220    LDA
 0.8926    0.9369    0.6355    0.6471    QDA
 
   AUC       Fm        GM        AGM
 0.7836    0.6338    0.7680    0.9387    Nearest Neighbors
 0.6415    0.4298    0.5410    0.9851    Linear SVM
 0.5274    0.1084    0.2410    0.9957    RBF SVM
 0.7431    0.5887    0.7118    0.9524    Decision Tree
 0.6465    0.4406    0.5505    0.9844    Random Forest
 0.7506    0.6053    0.7218    0.9557    AdaBoost
 0.7030    0.5047    0.6654    0.9285    Naive Bayes
 0.6818    0.5057    0.6158    0.9738    LDA
 0.7862    0.6337    0.7687    0.9368    QDA

################ umbral 0.2 ##################
Total de Caracteristicas:  24
       Total de Muestras:  1112
 Total de Regiones Sanas:  533
       Regiones No sanas:  579
   ACC       SP        SN        PPV
 0.8660    0.7942    0.9328    0.8303    Nearest Neighbors
 0.8675    0.7862    0.9430    0.8265    Linear SVM
 0.7002    0.4129    0.9695    0.6424    RBF SVM
 0.8301    0.7750    0.8815    0.8091    Decision Tree
 0.8404    0.7827    0.8944    0.8164    Random Forest
 0.8427    0.8124    0.8708    0.8337    AdaBoost
 0.7806    0.8317    0.7329    0.8244    Naive Bayes
 0.8576    0.7962    0.9147    0.8290    LDA
 0.8316    0.8245    0.8378    0.8382    QDA
 
   AUC       Fm        GM        AGM
 0.8635    0.8784    0.8606    0.7945    Nearest Neighbors
 0.8646    0.8808    0.8609    0.7866    Linear SVM
 0.6912    0.7707    0.6284    0.4139    RBF SVM
 0.8283    0.8432    0.8261    0.7753    Decision Tree
 0.8385    0.8532    0.8364    0.7829    Random Forest
 0.8416    0.8515    0.8409    0.8126    AdaBoost
 0.7823    0.7749    0.7800    0.8315    Naive Bayes
 0.8555    0.8695    0.8533    0.7965    LDA
 0.8312    0.8370    0.8304    0.8246    QDA
Total de Caracteristicas:  24
       Total de Muestras:  1112
 Total de Regiones Sanas:  533
       Regiones No sanas:  579
   ACC       SP        SN        PPV
 0.8660    0.7985    0.9277    0.8348    Nearest Neighbors
 0.8691    0.7896    0.9418    0.8309    Linear SVM
 0.7058    0.4284    0.9622    0.6522    RBF SVM
 0.8318    0.7779    0.8810    0.8134    Decision Tree
 0.8391    0.7842    0.8896    0.8193    Random Forest
 0.8418    0.8179    0.8638    0.8390    AdaBoost
 0.7831    0.8377    0.7338    0.8324    Naive Bayes
 0.8606    0.8035    0.9130    0.8362    LDA
 0.8343    0.8283    0.8399    0.8434    QDA
 
   AUC       Fm        GM        AGM
 0.8631    0.8786    0.8605    0.7988    Nearest Neighbors
 0.8657    0.8827    0.8622    0.7900    Linear SVM
 0.6953    0.7733    0.6359    0.4294    RBF SVM
 0.8295    0.8454    0.8275    0.7781    Decision Tree
 0.8369    0.8526    0.8350    0.7845    Random Forest
 0.8408    0.8508    0.8403    0.8180    AdaBoost
 0.7858    0.7786    0.7831    0.8375    Naive Bayes
 0.8583    0.8726    0.8563    0.8038    LDA
 0.8341    0.8406    0.8334    0.8283    QDA
Total de Caracteristicas:  24
       Total de Muestras:  1112
 Total de Regiones Sanas:  533
       Regiones No sanas:  579
   ACC       SP        SN        PPV
 0.8662    0.7947    0.9322    0.8315    Nearest Neighbors
 0.8653    0.7850    0.9394    0.8261    Linear SVM
 0.7032    0.4181    0.9682    0.6461    RBF SVM
 0.8281    0.7680    0.8837    0.8058    Decision Tree
 0.8391    0.7803    0.8934    0.8158    Random Forest
 0.8418    0.8145    0.8672    0.8360    AdaBoost
 0.7841    0.8345    0.7377    0.8291    Naive Bayes
 0.8553    0.7939    0.9120    0.8280    LDA
 0.8328    0.8237    0.8410    0.8391    QDA
 
   AUC       Fm        GM        AGM
 0.8634    0.8787    0.8605    0.7950    Nearest Neighbors
 0.8622    0.8789    0.8586    0.7853    Linear SVM
 0.6931    0.7725    0.6321    0.4191    RBF SVM
 0.8258    0.8425    0.8234    0.7682    Decision Tree
 0.8369    0.8525    0.8347    0.7806    Random Forest
 0.8409    0.8508    0.8401    0.8147    AdaBoost
 0.7861    0.7796    0.7838    0.8343    Naive Bayes
 0.8530    0.8678    0.8508    0.7942    LDA
 0.8324    0.8388    0.8314    0.8237    QDA
Total de Caracteristicas:  24
       Total de Muestras:  1112
 Total de Regiones Sanas:  533
       Regiones No sanas:  579
   ACC       SP        SN        PPV
 0.8667    0.7974    0.9307    0.8335    Nearest Neighbors
 0.8694    0.7895    0.9429    0.8299    Linear SVM
 0.7039    0.4181    0.9691    0.6462    RBF SVM
 0.8304    0.7768    0.8800    0.8113    Decision Tree
 0.8409    0.7863    0.8914    0.8197    Random Forest
 0.8412    0.8179    0.8629    0.8378    AdaBoost
 0.7831    0.8389    0.7324    0.8321    Naive Bayes
 0.8592    0.8002    0.9137    0.8329    LDA
 0.8325    0.8289    0.8360    0.8426    QDA
 
   AUC       Fm        GM        AGM
 0.8640    0.8792    0.8613    0.7977    Nearest Neighbors
 0.8662    0.8826    0.8626    0.7898    Linear SVM
 0.6936    0.7732    0.6328    0.4191    RBF SVM
 0.8284    0.8436    0.8263    0.7771    Decision Tree
 0.8389    0.8537    0.8369    0.7866    Random Forest
 0.8404    0.8498    0.8399    0.8180    AdaBoost
 0.7856    0.7776    0.7829    0.8386    Naive Bayes
 0.8570    0.8712    0.8549    0.8005    LDA
 0.8325    0.8378    0.8314    0.8289    QDA
Total de Caracteristicas:  24
       Total de Muestras:  1112
 Total de Regiones Sanas:  533
       Regiones No sanas:  579
   ACC       SP        SN        PPV
 0.8680    0.8003    0.9303    0.8353    Nearest Neighbors
 0.8710    0.7936    0.9422    0.8324    Linear SVM
 0.7040    0.4202    0.9681    0.6470    RBF SVM
 0.8326    0.7824    0.8789    0.8150    Decision Tree
 0.8418    0.7871    0.8924    0.8204    Random Forest
 0.8409    0.8174    0.8625    0.8375    AdaBoost
 0.7839    0.8402    0.7322    0.8328    Naive Bayes
 0.8635    0.8065    0.9161    0.8376    LDA
 0.8362    0.8294    0.8425    0.8435    QDA
 
   AUC       Fm        GM        AGM
 0.8653    0.8800    0.8627    0.8006    Nearest Neighbors
 0.8679    0.8838    0.8646    0.7939    Linear SVM
 0.6942    0.7732    0.6334    0.4212    RBF SVM
 0.8307    0.8451    0.8287    0.7826    Decision Tree
 0.8397    0.8544    0.8377    0.7873    Random Forest
 0.8400    0.8495    0.8394    0.8175    AdaBoost
 0.7862    0.7779    0.7834    0.8399    Naive Bayes
 0.8613    0.8748    0.8594    0.8067    LDA
 0.8359    0.8421    0.8352    0.8294    QDA
################ TESIS ###################################
Total de Caracteristicas:  24
       Total de Muestras:  7264
 Total de Regiones Sanas:  5900
       Regiones No sanas:  1364
   ACC       SP        SN        PPV
 0.9310    0.9519    0.8412    0.8027    Nearest Neighbors
 0.9202    0.9640    0.7325    0.8255    Linear SVM
 0.8286    0.9961    0.1086    0.8668    RBF SVM
 0.9137    0.9448    0.7799    0.7676    Decision Tree
 0.8897    0.9791    0.5050    0.8498    Random Forest
 0.9215    0.9621    0.7468    0.8211    AdaBoost
 0.8834    0.9475    0.6079    0.7288    Naive Bayes
 0.9062    0.9658    0.6501    0.8156    LDA
 0.9059    0.9647    0.6534    0.8116    QDA
 
   AUC       Fm        GM        AGM
 0.9507    0.8214    0.8948    0.9519    Nearest Neighbors
 0.9552    0.7760    0.8402    0.9639    Linear SVM
 0.9389    0.1929    0.3286    0.9958    RBF SVM
 0.9039    0.7729    0.8581    0.9448    Decision Tree
 0.9339    0.6321    0.7024    0.9790    Random Forest
 0.9641    0.7820    0.8476    0.9621    AdaBoost
 0.9206    0.6623    0.7585    0.9474    Naive Bayes
 0.9538    0.7233    0.7923    0.9657    LDA
 0.9541    0.7234    0.7936    0.9646    QDA
 
   Cross-Validation
 0.9558    Nearest Neighbors
 0.9555    Linear SVM
 0.9452    RBF SVM
 0.9107    Decision Tree
 0.9357    Random Forest
 0.9674    AdaBoost
 0.9202    Naive Bayes
 0.9534    LDA
 0.9550    QDA
#############################################################
#################  TESIS 2   ################################

Total de Caracteristicas:  24
       Total de Muestras:  2728
 Total de Regiones Sanas:  1364
       Regiones No sanas:  1364
   ACC       SP        SN        PPV
 0.8473    0.7925    0.9022    0.8131    Nearest Neighbors
 0.8320    0.8208    0.8433    0.8248    Linear SVM
 0.7624    0.5932    0.9327    0.6973    RBF SVM
 0.8300    0.7900    0.8703    0.8063    Decision Tree
 0.8223    0.7959    0.8489    0.8062    Random Forest
 0.8464    0.8368    0.8561    0.8401    AdaBoost
 0.7528    0.8445    0.6614    0.8103    Naive Bayes
 0.8148    0.8044    0.8254    0.8086    LDA
 0.7947    0.8655    0.7241    0.8448    QDA
 
   AUC       Fm        GM        AGM
 0.8473    0.8552    0.8455    0.7926    Nearest Neighbors
 0.8321    0.8338    0.8319    0.8208    Linear SVM
 0.7629    0.7968    0.7426    0.5934    RBF SVM
 0.8302    0.8364    0.8286    0.7901    Decision Tree
 0.8224    0.8268    0.8218    0.7959    Random Forest
 0.8465    0.8478    0.8463    0.8369    AdaBoost
 0.7530    0.7265    0.7461    0.8443    Naive Bayes
 0.8149    0.8166    0.8147    0.8045    LDA
 0.7948    0.7767    0.7896    0.8654    QDA
 
   Cross-Validation
 0.9048    Nearest Neighbors
 0.8923    Linear SVM
 0.8838    RBF SVM
 0.8883    Decision Tree
 0.8967    Random Forest
 0.9167    AdaBoost
 0.8440    Naive Bayes
 0.8824    LDA
 0.8906    QDA
#############################################################
#################  TESIS 3   ################################
Total de Caracteristicas:  24
       Total de Muestras:  1112
 Total de Regiones Sanas:  449
       Regiones No sanas:  663
   ACC       SP        SN        PPV
 0.9251    0.8525    0.9740    0.9076    Nearest Neighbors
 0.9172    0.8697    0.9493    0.9155    Linear SVM
 0.7043    0.2721    0.9949    0.6706    RBF SVM
 0.8821    0.8309    0.9167    0.8900    Decision Tree
 0.8918    0.8260    0.9363    0.8892    Random Forest
 0.9074    0.8763    0.9285    0.9179    AdaBoost
 0.8430    0.8925    0.8099    0.9179    Naive Bayes
 0.9066    0.8547    0.9417    0.9060    LDA
 0.9035    0.8981    0.9073    0.9299    QDA
 
   AUC       Fm        GM        AGM
 0.9501    0.9395    0.9111    0.8528    Nearest Neighbors
 0.9537    0.9320    0.9086    0.8700    Linear SVM
 0.9374    0.8010    0.5195    0.2735    RBF SVM
 0.8715    0.9029    0.8725    0.8311    Decision Tree
 0.9392    0.9119    0.8792    0.8263    Random Forest
 0.9484    0.9230    0.9019    0.8764    AdaBoost
 0.9284    0.8600    0.8499    0.8923    Naive Bayes
 0.9456    0.9234    0.8970    0.8550    LDA
 0.9433    0.9181    0.9025    0.8981    QDA
 
   Cross-Validation
 0.9587    Nearest Neighbors
 0.9540    Linear SVM
 0.9424    RBF SVM
 0.8969    Decision Tree
 0.9408    Random Forest
 0.9479    AdaBoost
 0.9304    Naive Bayes
 0.9482    LDA
 0.9420    QDA
#############################################################
################ TESIS 1 ###################################
Total de Caracteristicas:  14
       Total de Muestras:  7264
 Total de Regiones Sanas:  5900
       Regiones No sanas:  1364
Total de Caracteristicas:  14
       Total de Muestras:  7264
 Total de Regiones Sanas:  5900
       Regiones No sanas:  1364
   ACC       SP        SN        PPV
 0.9330    0.9533    0.8452    0.8073    Nearest Neighbors
 0.9183    0.9625    0.7275    0.8177    Linear SVM
 0.8770    0.9839    0.4146    0.8566    RBF SVM
 0.9131    0.9428    0.7849    0.7612    Decision Tree
 0.8941    0.9783    0.5300    0.8504    Random Forest
 0.9216    0.9625    0.7449    0.8212    AdaBoost
 0.8833    0.9541    0.5772    0.7443    Naive Bayes
 0.9055    0.9654    0.6464    0.8122    LDA
 0.9068    0.9611    0.6719    0.8005    QDA
 
   AUC       Fm        GM        AGM
 0.9493    0.8256    0.8976    0.9533    Nearest Neighbors
 0.9551    0.7698    0.8367    0.9624    Linear SVM
 0.9510    0.5584    0.6385    0.9838    RBF SVM
 0.9059    0.7720    0.8600    0.9428    Decision Tree
 0.9326    0.6517    0.7194    0.9782    Random Forest
 0.9635    0.7810    0.8466    0.9624    AdaBoost
 0.9216    0.6497    0.7419    0.9540    Naive Bayes
 0.9536    0.7197    0.7899    0.9654    LDA
 0.9510    0.7297    0.8032    0.9611    QDA
 
   Cross-Validation
 0.9545    Nearest Neighbors
 0.9561    Linear SVM
 0.9572    RBF SVM
 0.9114    Decision Tree
 0.9349    Random Forest
 0.9656    AdaBoost
 0.9227    Naive Bayes
 0.9539    LDA
 0.9525    QDA
#############################################################
################ TESIS 2 ###################################
Total de Caracteristicas:  14
       Total de Muestras:  2728
 Total de Regiones Sanas:  1364
       Regiones No sanas:  1364
   ACC       SP        SN        PPV
 0.8476    0.7918    0.9040    0.8121    Nearest Neighbors
 0.8308    0.8164    0.8454    0.8209    Linear SVM
 0.8225    0.7428    0.9039    0.7790    RBF SVM
 0.8309    0.7803    0.8819    0.8004    Decision Tree
 0.8304    0.8056    0.8555    0.8142    Random Forest
 0.8495    0.8345    0.8645    0.8388    AdaBoost
 0.7635    0.8503    0.6761    0.8186    Naive Bayes
 0.8135    0.8054    0.8218    0.8078    LDA
 0.8062    0.8409    0.7714    0.8317    QDA
 
   AUC       Fm        GM        AGM
 0.8479    0.8554    0.8459    0.7919    Nearest Neighbors
 0.8309    0.8328    0.8307    0.8164    Linear SVM
 0.8234    0.8355    0.8183    0.7429    RBF SVM
 0.8311    0.8386    0.8291    0.7804    Decision Tree
 0.8305    0.8340    0.8300    0.8056    Random Forest
 0.8495    0.8513    0.8493    0.8346    AdaBoost
 0.7632    0.7390    0.7572    0.8502    Naive Bayes
 0.8136    0.8146    0.8134    0.8054    LDA
 0.8061    0.7969    0.8029    0.8408    QDA
 
   Cross-Validation
 0.9078    Nearest Neighbors
 0.8933    Linear SVM
 0.9062    RBF SVM
 0.8911    Decision Tree
 0.9018    Random Forest
 0.9228    AdaBoost
 0.8543    Naive Bayes
 0.8845    LDA
 0.8892    QDA
#############################################################
################ TESIS 3 ###################################
Total de Caracteristicas:  14
       Total de Muestras:  1112
 Total de Regiones Sanas:  449
       Regiones No sanas:  663
   ACC       SP        SN        PPV
 0.9264    0.8558    0.9740    0.9095    Nearest Neighbors
 0.9226    0.8799    0.9513    0.9217    Linear SVM
 0.8107    0.5482    0.9878    0.7646    RBF SVM
 0.8780    0.8264    0.9128    0.8870    Decision Tree
 0.8905    0.8361    0.9275    0.8939    Random Forest
 0.9078    0.8748    0.9301    0.9171    AdaBoost
 0.8421    0.8969    0.8055    0.9204    Naive Bayes
 0.9129    0.8719    0.9407    0.9161    LDA
 0.9013    0.8942    0.9061    0.9272    QDA
 
   AUC       Fm        GM        AGM
 0.9479    0.9405    0.9129    0.8561    Nearest Neighbors
 0.9544    0.9362    0.9148    0.8801    Linear SVM
 0.9519    0.8618    0.7353    0.5492    RBF SVM
 0.8758    0.8993    0.8682    0.8267    Decision Tree
 0.9397    0.9101    0.8803    0.8363    Random Forest
 0.9500    0.9233    0.9019    0.8750    AdaBoost
 0.9303    0.8586    0.8496    0.8966    Naive Bayes
 0.9500    0.9281    0.9055    0.8721    LDA
 0.9449    0.9163    0.9000    0.8942    QDA
 
   Cross-Validation
 0.9539    Nearest Neighbors
 0.9541    Linear SVM
 0.9595    RBF SVM
 0.8871    Decision Tree
 0.9432    Random Forest
 0.9559    AdaBoost
 0.9312    Naive Bayes
 0.9506    LDA
 0.9464    QDA
