Warning: No display specified.  You will not be able to display graphics on the screen.

                            < M A T L A B (R) >
                  Copyright 1984-2012 The MathWorks, Inc.
                    R2012a (7.14.0.739) 64-bit (glnxa64)
                              February 9, 2012


	This is a Classroom License for instructional use only.
	Research and commercial use is prohibited.
 
To get started, type one of these: helpwin, helpdesk, or demo.
For product information, visit www.mathworks.com.
 
>> >> >> >> >> >> >> >> >> >> >> >> >> >> Starting matlabpool using the 'local' profile ... connected to 12 labs.
>> >> >> >> 17464F 
22900D 
34210C 
54960A 
86213F 
131267F 
206974C 
230923C 
245952A 
252422B 
277524E 
278009E 

    1.0000  19047.0000      1.4296      0.8305      0.9700      0.4287      0.2843
206974B 

    1.0000  21721.0000      1.0896      0.9322      0.9500      0.5132      0.3673
252422A 

    1.0000  26558.0000      1.0981      0.8800      0.9700      0.4163      0.2458
278009D 
131267E 
230923B 
245900F 
277524D 

    1.0000  57453.0000      1.9268      0.7031      0.9500      0.1946      0.1367

    1.0000  17297.0000      1.4420      0.8671      0.9500      0.1882      0.1274

    1.0000  32946.0000      1.3167      0.8296      0.9700      0.3025      0.1850
17464E 
34210B 
40772F 
86213E 
22900C 

    1.0000  19482.0000      1.2673      0.9097      0.9600      0.4474      0.3589

    1.0000  17554.0000      1.6264      0.7894      0.9700      0.4961      0.3461
245952F 

    1.0000  16313.0000      1.5993      0.8113      0.9700      0.4934      0.3254
278009C 

    1.0000  23338.0000      1.0937      0.9232      0.9700      0.4641      0.3007
245900E 
277524C 

    1.0000  19664.0000      1.5949      0.7915      0.9600      0.3825      0.2896
206974A 
230923A 
131267D 

    1.0000  38367.0000      1.1591      0.8923      0.9700      0.3502      0.1585

    1.0000  36323.0000      1.0596      0.9013      0.9700      0.5278      0.2949
34210A 
40772E 
17464D 

    1.0000  37374.0000      1.3990      0.8418      0.9700      0.3729      0.1785
86213D 
22900B 
245952E 
278009B 

    1.0000  20825.0000      1.3196      0.8724      0.9700      0.5421      0.3894

    1.0000  22870.0000      1.0760      0.9240      0.9700      0.5568      0.3518
230821F 
245900D 
277524B 

    1.0000  19973.0000      1.6538      0.7778      0.9700      0.3989      0.2956
166566F 
103376F 

    1.0000  34782.0000      1.0338      0.9308      0.9700      0.3357      0.1880
27695F 

    1.0000  26704.0000      1.9856      0.7483      0.9600      0.2611      0.1688
40772D 

    1.0000  32767.0000      1.0760      0.9095      0.9700      0.5247      0.3188
17464C 

    1.0000  20314.0000      1.3219      0.8513      0.9700      0.3024      0.2450

    1.0000  31455.0000      1.5784      0.8267      0.9700      0.2045      0.1444

    1.0000  30296.0000      1.2448      0.8885      0.9700      0.3879      0.1893
245952D 
86213C 

    1.0000  21581.0000      1.1956      0.8956      0.9500      0.5256      0.3413
22900A 

    1.0000  21555.0000      1.2138      0.9019      0.9700      0.5202      0.3829
278009A 
245900B 

    1.0000  17019.0000      1.2758      0.8701      0.9700      0.5159      0.3004
277524A 
103376E 
230821E 

    1.0000  25845.0000      1.0564      0.9216      0.9600      0.4565      0.3298

    1.0000  15341.0000      1.2324      0.8953      0.9500      0.1322      0.0887

    2.0000  23755.0000      1.2169      0.8550      0.9500      0.1370      0.0887
27695E 
35212F 
245952C 

    1.0000  15278.0000      1.5408      0.8603      0.9700      0.5418      0.3343
  698F 

    1.0000  21369.0000      2.0527      0.7597      0.9500      0.7656      0.5105
277524F 
166566E 

    1.0000  16385.0000      1.1365      0.9243      0.9500      0.4897      0.4101
245900A 

    1.0000  20373.0000      1.2398      0.8678      0.9600      0.5649      0.3308
86213B 

    1.0000  27734.0000      1.1131      0.8967      0.9700      0.3444      0.2289
252422F 

    1.0000  35129.0000      1.7936      0.7939      0.9700      0.2249      0.1590
103376D 
22550F 

    1.0000  33354.0000      1.2342      0.7390      0.9700      0.5448      0.3098
245952B 
230821D 

    1.0000  26534.0000      1.2144      0.8743      0.9700      0.2300      0.1005
27695D 
35212E 
280138F 
230923E 

    1.0000  28457.0000      1.1347      0.9072      0.9700      0.5878      0.3518
285133E 

    1.0000  18676.0000      1.1489      0.8959      0.9500      0.1924      0.1380
90931D 
  698E 

    1.0000  34035.0000      1.1187      0.8593      0.9700      0.2643      0.1407
86213A 
22550E 

    1.0000  18212.0000      1.8141      0.8085      0.9500      0.5751      0.4894

    1.0000  16848.0000      1.2718      0.8796      0.9600      0.3780      0.3062
166566D 
296264A 
280138E 
230821B 
230923D 

    1.0000  34696.0000      1.0973      0.8825      0.9700      0.2626      0.1435
285133D 

    1.0000  23627.0000      1.2013      0.8948      0.9700      0.2254      0.1082
27695C 
35212D 
90931C 

    1.0000  33374.0000      1.1581      0.8854      0.9700      0.2150      0.1275

    1.0000  34944.0000      1.2723      0.8612      0.9700      0.3796      0.1926

    1.0000  24685.0000      1.8627      0.7508      0.9700      0.3645      0.3217
  698D 
54960E 
292484F 

    1.0000  26655.0000      1.2878      0.8527      0.9600      0.2170      0.1942
22550D 

    1.0000  25102.0000      1.3272      0.8338      0.9600      0.4748      0.3068
280138D 

    1.0000  17508.0000      2.0042      0.7638      0.9600      0.7278      0.5094
166566C 
296264E 
285133C 
90931B 

    1.0000  32247.0000      1.1717      0.8493      0.9600      0.5438      0.3335

    1.0000  37507.0000      1.1042      0.8963      0.9700      0.3781      0.1509
230821A 
27695A 
34210F 

    1.0000  36517.0000      1.1632      0.8942      0.9700      0.2480      0.1597

    1.0000  24539.0000      1.2817      0.8582      0.9700      0.3514      0.1818
54960D 

    1.0000  25043.0000      1.3828      0.8366      0.9600      0.4637      0.3166
  698C 

    1.0000  19183.0000      1.1632      0.9230      0.9700      0.3938      0.3035
296264D 
292484E 
285133B 
280138A 

    1.0000  15459.0000      1.6598      0.7814      0.9500      0.2734      0.1855
22550C 

    1.0000  22797.0000      1.6243      0.7532      0.9500      0.2896      0.2567
90931A 
166566B 

    1.0000  24068.0000      1.1955      0.8587      0.9700      0.3189      0.1145

    1.0000  18804.0000      1.3703      0.7823      0.9700      0.4748      0.3142
22900F 
34210E 
365894E 

    1.0000  18354.0000      1.2081      0.9213      0.9700      0.3850      0.2780
285133A 

    1.0000  20738.0000      1.2236      0.8873      0.9500      0.5577      0.3902
296264C 
278009F 

    1.0000  23657.0000      1.2165      0.8734      0.9700      0.3863      0.1758

    1.0000  23634.0000      1.4848      0.7775      0.9600      0.4751      0.2934
  698B 
54960C 
379832C 

    1.0000  24373.0000      1.5123      0.8334      0.9700      0.7025      0.4258
292484D 
22550B 

    1.0000  25975.0000      1.4241      0.8682      0.9700      0.8578      0.5706
166566A 
22900E 

    1.0000  30739.0000      1.1118      0.8973      0.9700      0.3177      0.1685

    1.0000  30349.0000      1.3345      0.8680      0.9700      0.6662      0.4117
384314D 
34210D 
365894D 
296264B 
396779A 

    1.0000  19265.0000      1.4157      0.8529      0.9700      0.1274      0.1255
54960B 
  698A 
379832B 

    1.0000  22347.0000      1.1725      0.7860      0.9700      0.6527      0.4165

    1.0000  18781.0000      1.3750      0.8643      0.9700      0.3534      0.1997
285133F 
22550A 

    1.0000  26100.0000      1.3081      0.8536      0.9600      0.7024      0.5688

    1.0000  22219.0000      1.1456      0.8809      0.9700      0.3866      0.3181
384314B 
396779F 

    1.0000  22539.0000      1.6335      0.7889      0.9600      0.3185      0.2982

    1.0000  19570.0000      1.3317      0.8780      0.9600      0.5410      0.3685
384314F 
409580B 

    1.0000  29939.0000      1.8839      0.7439      0.9700      0.1695      0.1170

    1.0000  37336.0000      1.1648      0.8834      0.9700      0.3173      0.1815
409580D 
440888C 

    1.0000  28478.0000      1.3307      0.8706      0.9700      0.6082      0.4089
365894C 

    1.0000  33156.0000      1.2435      0.8538      0.9700      0.2821      0.1739
440888E 

    1.0000  30573.0000      1.1472      0.8725      0.9700      0.3534      0.1900
455661B 
456332B 

    1.0000  28685.0000      1.2323      0.8063      0.9700      0.4888      0.3453

    1.0000  18690.0000      1.1365      0.8974      0.9700      0.3134      0.3059

    1.0000  22861.0000      1.2759      0.8925      0.9700      0.2663      0.1819
379832A 
384314A 
508481A 
396779C 

    1.0000  23621.0000      1.2281      0.8910      0.9600      0.4561      0.3653
384314E 
409580A 

    1.0000  18572.0000      1.3067      0.8803      0.9700      0.5341      0.3845
409580C 
409580F 

    1.0000  20941.0000      1.4596      0.8500      0.9600      0.5378      0.3357

    1.0000  21378.0000      1.2760      0.9119      0.9500      0.4421      0.3012
440888D 
455661C 
455661A 
296264F 

    1.0000  24724.0000      1.0967      0.8962      0.9600      0.4428      0.3275
456332C 
508481C 

    1.0000  21314.0000      1.1444      0.8871      0.9700      0.3904      0.3145
396779B 

    1.0000  19120.0000      1.3322      0.8688      0.9600      0.5738      0.3687
508481E 
513699D 

    1.0000  26889.0000      1.1421      0.8565      0.9700      0.5360      0.3981
365894F 
531420D 
531420F 

    1.0000  17266.0000      1.4294      0.8724      0.9700      0.4627      0.3227

    1.0000  20351.0000      1.0381      0.9254      0.9500      0.4964      0.3071
508481B 

    1.0000  18869.0000      1.3687      0.8708      0.9500      0.2887      0.2782

    1.0000  21475.0000      1.2027      0.8867      0.9700      0.2846      0.2742
508481F 
508481D 
513699E 
531420E 

    1.0000  19786.0000      1.6544      0.8177      0.9500      0.3770      0.3461

    1.0000  23371.0000      1.2062      0.8718      0.9500      0.3898      0.3684

    1.0000  20945.0000      1.2498      0.9107      0.9500      0.4864      0.2960
>> Sending a stop signal to all the labs ... stopped.
>> >> 